Compilación iniciada a las 24/04/2016 07:14:27 p.m..
     1>Proyecto "c:\Users\idea¨P\documents\visual studio 2015\Projects\Project2\Project2\Project2.vcxproj" en el nodo 2 (Build destinos).
     1>ClCompile:
         C:\Program Files (x86)\Microsoft Visual Studio 14.0\VC\bin\CL.exe /c /ZI /nologo /W3 /WX- /sdl /Od /Oy- /D _MBCS /Gm /EHsc /RTC1 /MDd /GS /fp:precise /Zc:wchar_t /Zc:forScope /Zc:inline /Fo"Debug\\" /Fd"Debug\vc140.pdb" /Gd /TP /analyze- /errorReport:prompt Source.cpp
         Source.cpp
       Link:
         C:\Program Files (x86)\Microsoft Visual Studio 14.0\VC\bin\link.exe /ERRORREPORT:PROMPT /OUT:"c:\users\idea¨p\documents\visual studio 2015\Projects\Project2\Debug\Project2.exe" /INCREMENTAL /NOLOGO kernel32.lib user32.lib gdi32.lib winspool.lib comdlg32.lib advapi32.lib shell32.lib ole32.lib oleaut32.lib uuid.lib odbc32.lib odbccp32.lib /MANIFEST /MANIFESTUAC:"level='asInvoker' uiAccess='false'" /manifest:embed /Debug /PDB:"c:\users\idea¨p\documents\visual studio 2015\Projects\Project2\Debug\Project2.pdb" /TLBID:1 /DYNAMICBASE /NXCOMPAT /IMPLIB:"c:\users\idea¨p\documents\visual studio 2015\Projects\Project2\Debug\Project2.lib" /MACHINE:X86 Debug\Source.obj
     1>Source.obj : error LNK2019: símbolo externo __imp__wglCreateContext@4 sin resolver al que se hace referencia en la función "void __cdecl EnableOpenGL(struct HWND__ *,struct HDC__ * *,struct HGLRC__ * *)" (?EnableOpenGL@@YAXPAUHWND__@@PAPAUHDC__@@PAPAUHGLRC__@@@Z)
     1>Source.obj : error LNK2019: símbolo externo __imp__wglDeleteContext@4 sin resolver al que se hace referencia en la función "void __cdecl DisableOpenGL(struct HWND__ *,struct HDC__ *,struct HGLRC__ *)" (?DisableOpenGL@@YAXPAUHWND__@@PAUHDC__@@PAUHGLRC__@@@Z)
     1>Source.obj : error LNK2019: símbolo externo __imp__wglMakeCurrent@8 sin resolver al que se hace referencia en la función "void __cdecl DisableOpenGL(struct HWND__ *,struct HDC__ *,struct HGLRC__ *)" (?DisableOpenGL@@YAXPAUHWND__@@PAUHDC__@@PAUHGLRC__@@@Z)
     1>Source.obj : error LNK2019: símbolo externo __imp__glBegin@4 sin resolver al que se hace referencia en la función _WinMain@16
     1>Source.obj : error LNK2019: símbolo externo __imp__glClear@4 sin resolver al que se hace referencia en la función _WinMain@16
     1>Source.obj : error LNK2019: símbolo externo __imp__glClearColor@16 sin resolver al que se hace referencia en la función _WinMain@16
     1>Source.obj : error LNK2019: símbolo externo __imp__glColor3f@12 sin resolver al que se hace referencia en la función _WinMain@16
     1>Source.obj : error LNK2019: símbolo externo __imp__glEnd@0 sin resolver al que se hace referencia en la función _WinMain@16
     1>Source.obj : error LNK2019: símbolo externo __imp__glPopMatrix@0 sin resolver al que se hace referencia en la función _WinMain@16
     1>Source.obj : error LNK2019: símbolo externo __imp__glPushMatrix@0 sin resolver al que se hace referencia en la función _WinMain@16
     1>Source.obj : error LNK2019: símbolo externo __imp__glRotatef@16 sin resolver al que se hace referencia en la función _WinMain@16
     1>Source.obj : error LNK2019: símbolo externo __imp__glVertex2f@8 sin resolver al que se hace referencia en la función _WinMain@16
     1>c:\users\idea¨p\documents\visual studio 2015\Projects\Project2\Debug\Project2.exe : fatal error LNK1120: 12 externos sin resolver
     1>Compilación del proyecto terminada "c:\Users\idea¨P\documents\visual studio 2015\Projects\Project2\Project2\Project2.vcxproj" (Build destinos) -- ERROR.

ERROR al compilar.

Tiempo transcurrido 00:00:04.22
